TN:
SF:/Users/miguelmartins/Desktop/Repos/hex1-contracts-coverage/lib/openzeppelin-contracts/contracts/access/Ownable.sol
DA:1,0
DA:38,0
DA:39,0
DA:40,0
DA:42,0
DA:49,12
DA:56,5
DA:57,6
DA:63,1
DA:64,3
DA:65,8
DA:76,5
DA:77,4
DA:84,11
DA:85,5
DA:86,17
DA:88,4
DA:95,4
DA:96,10
DA:97,11
DA:98,5
end_of_record

SF:/Users/miguelmartins/Desktop/Repos/hex1-contracts-coverage/lib/openzeppelin-contracts/contracts/interfaces/draft-IERC6093.sol
end_of_record

SF:/Users/miguelmartins/Desktop/Repos/hex1-contracts-coverage/lib/openzeppelin-contracts/contracts/token/ERC20/ERC20.sol
DA:51,0
DA:52,0
DA:58,26
DA:59,73
DA:66,6
DA:67,7
DA:83,4
DA:84,1
DA:90,6
DA:91,7
DA:97,13
DA:98,13
DA:109,12
DA:111,5
DA:118,13
DA:119,28
DA:132,22
DA:134,6
DA:135,4
DA:154,14
DA:156,6
DA:157,7
DA:158,2
DA:171,1
DA:172,5
DA:173,0
DA:175,5
DA:176,9
DA:178,6
DA:188,5
DA:189,9
DA:191,15
DA:193,14
DA:194,7
DA:195,8
DA:199,19
DA:203,6
DA:206,0
DA:211,19
DA:215,18
DA:226,1
DA:227,5
DA:228,9
DA:230,6
DA:263,1
DA:264,7
DA:284,6
DA:285,5
DA:286,9
DA:288,5
DA:289,9
DA:291,28
DA:292,4
DA:293,18
DA:305,1
DA:306,9
DA:307,4
DA:308,7
DA:309,8
DA:312,9
end_of_record

SF:/Users/miguelmartins/Desktop/Repos/hex1-contracts-coverage/lib/openzeppelin-contracts/contracts/token/ERC20/IERC20.sol
end_of_record

SF:/Users/miguelmartins/Desktop/Repos/hex1-contracts-coverage/lib/openzeppelin-contracts/contracts/token/ERC20/extensions/IERC20Metadata.sol
end_of_record

SF:/Users/miguelmartins/Desktop/Repos/hex1-contracts-coverage/lib/openzeppelin-contracts/contracts/utils/Context.sol
DA:18,8
end_of_record

SF:/Users/miguelmartins/Desktop/Repos/hex1-contracts-coverage/lib/properties/contracts/ERC20/internal/properties/ERC20BasicProperties.sol
DA:15,5
DA:16,11
DA:17,0
DA:21,8
DA:22,26
DA:26,7
DA:27,27
DA:28,24
DA:32,5
DA:33,26
DA:37,5
DA:38,8
DA:39,10
DA:41,6
DA:42,0
DA:46,11
DA:47,8
DA:48,9
DA:49,19
DA:50,15
DA:52,8
DA:53,0
DA:57,17
DA:58,8
DA:59,9
DA:60,19
DA:61,15
DA:63,17
DA:64,28
DA:65,27
DA:69,11
DA:70,8
DA:71,10
DA:73,75
DA:74,27
DA:75,26
DA:79,11
DA:80,8
DA:81,8
DA:82,9
DA:83,19
DA:85,9
DA:86,0
DA:87,0
DA:88,0
DA:92,16
DA:93,8
DA:94,8
DA:95,10
DA:97,46
DA:98,0
DA:99,0
DA:100,1
DA:104,11
DA:105,8
DA:106,8
DA:107,10
DA:109,9
DA:110,28
DA:111,27
DA:112,26
DA:116,11
DA:117,8
DA:118,8
DA:119,9
DA:120,19
DA:122,10
DA:123,28
DA:124,27
DA:125,26
DA:129,11
DA:130,11
DA:131,8
DA:132,8
DA:133,10
DA:134,15
DA:136,68
DA:137,27
DA:138,32
DA:139,31
DA:143,19
DA:144,11
DA:145,11
DA:146,8
DA:147,8
DA:148,9
DA:149,19
DA:150,15
DA:152,10
DA:153,27
DA:154,32
DA:155,32
DA:159,11
DA:160,68
DA:161,28
DA:162,6
DA:166,15
DA:167,68
DA:168,28
DA:169,28
DA:171,68
DA:172,28
DA:173,33
DA:177,18
DA:178,21
DA:179,11
DA:180,8
DA:181,9
DA:182,19
DA:183,15
DA:185,61
DA:186,27
DA:189,4
DA:190,33
end_of_record

SF:/Users/miguelmartins/Desktop/Repos/hex1-contracts-coverage/lib/properties/contracts/ERC20/internal/util/ERC20TestBase.sol
end_of_record

SF:/Users/miguelmartins/Desktop/Repos/hex1-contracts-coverage/lib/properties/contracts/util/PropertiesConstants.sol
DA:5,1
DA:6,1
DA:7,1
DA:8,0
end_of_record

SF:/Users/miguelmartins/Desktop/Repos/hex1-contracts-coverage/lib/properties/contracts/util/PropertiesHelper.sol
DA:16,1
DA:17,3
DA:18,0
DA:19,0
DA:24,1
DA:25,5
DA:26,0
DA:27,0
DA:28,0
DA:29,0
DA:112,1
DA:113,6
DA:114,0
DA:115,0
DA:116,0
DA:117,0
DA:118,0
DA:297,0
DA:308,0
DA:314,0
DA:317,0
DA:320,0
DA:323,0
DA:326,0
DA:331,0
DA:333,0
DA:337,0
DA:340,0
DA:343,0
DA:347,0
DA:350,0
DA:353,0
end_of_record

SF:/Users/miguelmartins/Desktop/Repos/hex1-contracts-coverage/src/HexitToken.sol
DA:11,0
DA:13,8
DA:17,22
DA:23,0
DA:27,13
DA:28,19
DA:29,12
DA:30,11
DA:37,14
DA:38,6
end_of_record

SF:/Users/miguelmartins/Desktop/Repos/hex1-contracts-coverage/src/interfaces/IHexitToken.sol
end_of_record

SF:/Users/miguelmartins/Desktop/Repos/hex1-contracts-coverage/test/echidna/HexitHarness.sol
DA:7,250
DA:8,0
DA:10,0
DA:11,0
DA:12,0
DA:14,0
DA:15,0
end_of_record

